<?xml version="1.0" encoding="UTF-8"?>
<coverage generated="1787217938247" clover="3.2.0">
  <project timestamp="1787217938247" name="All files">
    <metrics statements="14" coveredstatements="14" conditionals="9" coveredconditionals="7" methods="3" coveredmethods="3" elements="26" coveredelements="24" complexity="0" loc="14" ncloc="14" packages="1" files="1" classes="1"/>
    <file name="reviewReportReasons.ts" path="/Users/seongminhan/workspace/sinsin_dev/sinsin-rn/src/features/restaurant/utils/reviewReportReasons.ts">
      <metrics statements="14" coveredstatements="14" conditionals="9" coveredconditionals="7" methods="3" coveredmethods="3"/>
      <line num="53" count="1" type="stmt"/>
      <line num="71" count="1" type="stmt"/>
      <line num="117" count="1" type="stmt"/>
      <line num="125" count="1" type="stmt"/>
      <line num="133" count="1" type="stmt"/>
      <line num="138" count="84" type="cond" truecount="1" falsecount="1"/>
      <line num="140" count="19" type="stmt"/>
      <line num="141" count="19" type="stmt"/>
      <line num="142" count="19" type="cond" truecount="1" falsecount="0"/>
      <line num="144" count="4" type="stmt"/>
      <line num="152" count="4" type="cond" truecount="1" falsecount="0"/>
      <line num="153" count="2" type="stmt"/>
      <line num="154" count="2" type="stmt"/>
      <line num="155" count="2" type="cond" truecount="3" falsecount="1"/>
    </file>
  </project>
</coverage>
