{"/Users/seongminhan/workspace/sinsin_dev/sinsin-rn/src/features/recipe/components/detail/recipeDetailModel.ts": {"path":"/Users/seongminhan/workspace/sinsin_dev/sinsin-rn/src/features/recipe/components/detail/recipeDetailModel.ts","statementMap":{"0":{"start":{"line":49,"column":0},"end":{"line":49,"column":16}},"1":{"start":{"line":58,"column":0},"end":{"line":58,"column":16}},"2":{"start":{"line":67,"column":0},"end":{"line":67,"column":16}},"3":{"start":{"line":76,"column":0},"end":{"line":76,"column":16}},"4":{"start":{"line":85,"column":0},"end":{"line":85,"column":16}},"5":{"start":{"line":103,"column":0},"end":{"line":103,"column":16}},"6":{"start":{"line":116,"column":0},"end":{"line":116,"column":16}},"7":{"start":{"line":124,"column":0},"end":{"line":124,"column":16}},"8":{"start":{"line":130,"column":0},"end":{"line":130,"column":16}},"9":{"start":{"line":148,"column":0},"end":{"line":148,"column":16}},"10":{"start":{"line":162,"column":0},"end":{"line":162,"column":16}},"11":{"start":{"line":170,"column":0},"end":{"line":170,"column":16}},"12":{"start":{"line":190,"column":0},"end":{"line":190,"column":16}},"13":{"start":{"line":213,"column":0},"end":{"line":213,"column":16}},"14":{"start":{"line":223,"column":0},"end":{"line":223,"column":16}},"15":{"start":{"line":230,"column":0},"end":{"line":230,"column":16}},"16":{"start":{"line":235,"column":0},"end":{"line":235,"column":16}},"17":{"start":{"line":240,"column":0},"end":{"line":240,"column":16}},"18":{"start":{"line":250,"column":0},"end":{"line":250,"column":16}},"19":{"start":{"line":254,"column":0},"end":{"line":254,"column":16}},"20":{"start":{"line":266,"column":0},"end":{"line":266,"column":16}},"21":{"start":{"line":276,"column":0},"end":{"line":276,"column":16}},"22":{"start":{"line":315,"column":0},"end":{"line":315,"column":16}},"23":{"start":{"line":326,"column":0},"end":{"line":326,"column":16}},"24":{"start":{"line":27,"column":0},"end":{"line":27,"column":null}},"25":{"start":{"line":38,"column":13},"end":{"line":38,"column":null}},"26":{"start":{"line":39,"column":13},"end":{"line":39,"column":null}},"27":{"start":{"line":42,"column":13},"end":{"line":42,"column":null}},"28":{"start":{"line":52,"column":16},"end":{"line":52,"column":49}},"29":{"start":{"line":53,"column":2},"end":{"line":53,"column":null}},"30":{"start":{"line":53,"column":62},"end":{"line":53,"column":null}},"31":{"start":{"line":54,"column":17},"end":{"line":54,"column":30}},"32":{"start":{"line":55,"column":2},"end":{"line":55,"column":null}},"33":{"start":{"line":59,"column":2},"end":{"line":59,"column":null}},"34":{"start":{"line":59,"column":31},"end":{"line":59,"column":null}},"35":{"start":{"line":60,"column":2},"end":{"line":60,"column":null}},"36":{"start":{"line":71,"column":2},"end":{"line":71,"column":null}},"37":{"start":{"line":71,"column":53},"end":{"line":71,"column":null}},"38":{"start":{"line":72,"column":2},"end":{"line":72,"column":null}},"39":{"start":{"line":72,"column":42},"end":{"line":72,"column":60}},"40":{"start":{"line":80,"column":2},"end":{"line":80,"column":null}},"41":{"start":{"line":80,"column":49},"end":{"line":80,"column":null}},"42":{"start":{"line":81,"column":2},"end":{"line":81,"column":null}},"43":{"start":{"line":86,"column":2},"end":{"line":86,"column":null}},"44":{"start":{"line":107,"column":19},"end":{"line":107,"column":43}},"45":{"start":{"line":108,"column":22},"end":{"line":108,"column":76}},"46":{"start":{"line":110,"column":4},"end":{"line":112,"column":38}},"47":{"start":{"line":113,"column":2},"end":{"line":113,"column":null}},"48":{"start":{"line":120,"column":2},"end":{"line":120,"column":null}},"49":{"start":{"line":120,"column":41},"end":{"line":120,"column":75}},"50":{"start":{"line":125,"column":18},"end":{"line":125,"column":45}},"51":{"start":{"line":126,"column":2},"end":{"line":126,"column":null}},"52":{"start":{"line":134,"column":2},"end":{"line":141,"column":null}},"53":{"start":{"line":152,"column":2},"end":{"line":159,"column":null}},"54":{"start":{"line":166,"column":2},"end":{"line":166,"column":null}},"55":{"start":{"line":166,"column":37},"end":{"line":166,"column":67}},"56":{"start":{"line":174,"column":15},"end":{"line":174,"column":37}},"57":{"start":{"line":175,"column":37},"end":{"line":175,"column":39}},"58":{"start":{"line":176,"column":2},"end":{"line":182,"column":3}},"59":{"start":{"line":177,"column":18},"end":{"line":177,"column":60}},"60":{"start":{"line":177,"column":43},"end":{"line":177,"column":59}},"61":{"start":{"line":178,"column":4},"end":{"line":181,"column":5}},"62":{"start":{"line":179,"column":6},"end":{"line":179,"column":null}},"63":{"start":{"line":180,"column":6},"end":{"line":180,"column":null}},"64":{"start":{"line":183,"column":2},"end":{"line":183,"column":null}},"65":{"start":{"line":193,"column":63},"end":{"line":198,"column":null}},"66":{"start":{"line":199,"column":2},"end":{"line":199,"column":null}},"67":{"start":{"line":199,"column":29},"end":{"line":199,"column":66}},"68":{"start":{"line":217,"column":2},"end":{"line":217,"column":null}},"69":{"start":{"line":217,"column":28},"end":{"line":217,"column":null}},"70":{"start":{"line":218,"column":2},"end":{"line":218,"column":null}},"71":{"start":{"line":218,"column":25},"end":{"line":218,"column":null}},"72":{"start":{"line":219,"column":2},"end":{"line":219,"column":null}},"73":{"start":{"line":224,"column":2},"end":{"line":224,"column":null}},"74":{"start":{"line":224,"column":34},"end":{"line":224,"column":null}},"75":{"start":{"line":225,"column":2},"end":{"line":225,"column":null}},"76":{"start":{"line":225,"column":44},"end":{"line":225,"column":null}},"77":{"start":{"line":226,"column":2},"end":{"line":226,"column":null}},"78":{"start":{"line":231,"column":2},"end":{"line":231,"column":null}},"79":{"start":{"line":236,"column":2},"end":{"line":236,"column":null}},"80":{"start":{"line":241,"column":2},"end":{"line":241,"column":null}},"81":{"start":{"line":241,"column":21},"end":{"line":241,"column":null}},"82":{"start":{"line":242,"column":18},"end":{"line":242,"column":46}},"83":{"start":{"line":243,"column":2},"end":{"line":243,"column":null}},"84":{"start":{"line":251,"column":2},"end":{"line":251,"column":null}},"85":{"start":{"line":255,"column":2},"end":{"line":255,"column":null}},"86":{"start":{"line":267,"column":14},"end":{"line":267,"column":49}},"87":{"start":{"line":268,"column":43},"end":{"line":268,"column":58}},"88":{"start":{"line":269,"column":2},"end":{"line":272,"column":null}},"89":{"start":{"line":270,"column":19},"end":{"line":270,"column":53}},"90":{"start":{"line":271,"column":4},"end":{"line":271,"column":null}},"91":{"start":{"line":277,"column":15},"end":{"line":277,"column":52}},"92":{"start":{"line":278,"column":18},"end":{"line":278,"column":39}},"93":{"start":{"line":279,"column":18},"end":{"line":279,"column":27}},"94":{"start":{"line":280,"column":2},"end":{"line":280,"column":null}},"95":{"start":{"line":288,"column":28},"end":{"line":312,"column":null}},"96":{"start":{"line":316,"column":2},"end":{"line":322,"column":null}},"97":{"start":{"line":317,"column":23},"end":{"line":320,"column":31}},"98":{"start":{"line":321,"column":4},"end":{"line":321,"column":null}},"99":{"start":{"line":321,"column":48},"end":{"line":321,"column":74}},"100":{"start":{"line":329,"column":2},"end":{"line":329,"column":null}},"101":{"start":{"line":329,"column":33},"end":{"line":329,"column":null}},"102":{"start":{"line":330,"column":2},"end":{"line":330,"column":null}},"103":{"start":{"line":330,"column":54},"end":{"line":330,"column":69}}},"fnMap":{"0":{"name":"parseRecipeId","decl":{"start":{"line":49,"column":16},"end":{"line":49,"column":29}},"loc":{"start":{"line":50,"column":36},"end":{"line":56,"column":1}}},"1":{"name":"clampServings","decl":{"start":{"line":58,"column":16},"end":{"line":58,"column":29}},"loc":{"start":{"line":58,"column":43},"end":{"line":61,"column":1}}},"2":{"name":"isServingAdjustable","decl":{"start":{"line":67,"column":16},"end":{"line":67,"column":35}},"loc":{"start":{"line":70,"column":1},"end":{"line":73,"column":1}}},"3":{"name":"(anonymous_3)","decl":{"start":{"line":72,"column":32},"end":{"line":72,"column":33}},"loc":{"start":{"line":72,"column":42},"end":{"line":72,"column":60}}},"4":{"name":"ingredientScale","decl":{"start":{"line":76,"column":16},"end":{"line":76,"column":31}},"loc":{"start":{"line":78,"column":26},"end":{"line":82,"column":1}}},"5":{"name":"nutritionScale","decl":{"start":{"line":85,"column":16},"end":{"line":85,"column":30}},"loc":{"start":{"line":85,"column":55},"end":{"line":87,"column":1}}},"6":{"name":"scaleIngredient","decl":{"start":{"line":103,"column":16},"end":{"line":103,"column":31}},"loc":{"start":{"line":105,"column":15},"end":{"line":114,"column":1}}},"7":{"name":"scaleIngredients","decl":{"start":{"line":116,"column":16},"end":{"line":116,"column":32}},"loc":{"start":{"line":118,"column":15},"end":{"line":121,"column":1}}},"8":{"name":"(anonymous_8)","decl":{"start":{"line":120,"column":25},"end":{"line":120,"column":26}},"loc":{"start":{"line":120,"column":41},"end":{"line":120,"column":75}}},"9":{"name":"formatGrams","decl":{"start":{"line":124,"column":16},"end":{"line":124,"column":27}},"loc":{"start":{"line":124,"column":41},"end":{"line":127,"column":1}}},"10":{"name":"scaleNutrition","decl":{"start":{"line":130,"column":16},"end":{"line":130,"column":30}},"loc":{"start":{"line":132,"column":15},"end":{"line":142,"column":1}}},"11":{"name":"scaleHeadline","decl":{"start":{"line":148,"column":16},"end":{"line":148,"column":29}},"loc":{"start":{"line":150,"column":15},"end":{"line":160,"column":1}}},"12":{"name":"scaleBreakdown","decl":{"start":{"line":162,"column":16},"end":{"line":162,"column":30}},"loc":{"start":{"line":164,"column":15},"end":{"line":167,"column":1}}},"13":{"name":"(anonymous_13)","decl":{"start":{"line":166,"column":23},"end":{"line":166,"column":24}},"loc":{"start":{"line":166,"column":37},"end":{"line":166,"column":67}}},"14":{"name":"orderBreakdown","decl":{"start":{"line":170,"column":16},"end":{"line":170,"column":30}},"loc":{"start":{"line":172,"column":31},"end":{"line":184,"column":1}}},"15":{"name":"(anonymous_15)","decl":{"start":{"line":177,"column":33},"end":{"line":177,"column":34}},"loc":{"start":{"line":177,"column":43},"end":{"line":177,"column":59}}},"16":{"name":"deriveBreakdown","decl":{"start":{"line":190,"column":16},"end":{"line":190,"column":31}},"loc":{"start":{"line":191,"column":28},"end":{"line":200,"column":1}}},"17":{"name":"(anonymous_17)","decl":{"start":{"line":199,"column":18},"end":{"line":199,"column":19}},"loc":{"start":{"line":199,"column":29},"end":{"line":199,"column":66}}},"18":{"name":"breakdownForDisplay","decl":{"start":{"line":213,"column":16},"end":{"line":213,"column":35}},"loc":{"start":{"line":215,"column":35},"end":{"line":220,"column":1}}},"19":{"name":"barFillRatio","decl":{"start":{"line":223,"column":16},"end":{"line":223,"column":28}},"loc":{"start":{"line":223,"column":62},"end":{"line":227,"column":1}}},"20":{"name":"formatPercent","decl":{"start":{"line":230,"column":16},"end":{"line":230,"column":29}},"loc":{"start":{"line":230,"column":56},"end":{"line":232,"column":1}}},"21":{"name":"isOverRemaining","decl":{"start":{"line":235,"column":16},"end":{"line":235,"column":31}},"loc":{"start":{"line":235,"column":65},"end":{"line":237,"column":1}}},"22":{"name":"formatNutrientAmount","decl":{"start":{"line":240,"column":16},"end":{"line":240,"column":36}},"loc":{"start":{"line":240,"column":69},"end":{"line":244,"column":1}}},"23":{"name":"hasRatings","decl":{"start":{"line":250,"column":16},"end":{"line":250,"column":26}},"loc":{"start":{"line":250,"column":48},"end":{"line":252,"column":1}}},"24":{"name":"formatAverage","decl":{"start":{"line":254,"column":16},"end":{"line":254,"column":29}},"loc":{"start":{"line":254,"column":45},"end":{"line":256,"column":1}}},"25":{"name":"distributionRows","decl":{"start":{"line":266,"column":16},"end":{"line":266,"column":32}},"loc":{"start":{"line":266,"column":54},"end":{"line":273,"column":1}}},"26":{"name":"(anonymous_26)","decl":{"start":{"line":269,"column":19},"end":{"line":269,"column":20}},"loc":{"start":{"line":269,"column":28},"end":{"line":272,"column":3}}},"27":{"name":"formatDuration","decl":{"start":{"line":276,"column":16},"end":{"line":276,"column":30}},"loc":{"start":{"line":276,"column":51},"end":{"line":281,"column":1}}},"28":{"name":"filterClinicalTags","decl":{"start":{"line":315,"column":16},"end":{"line":315,"column":34}},"loc":{"start":{"line":315,"column":58},"end":{"line":323,"column":1}}},"29":{"name":"(anonymous_29)","decl":{"start":{"line":316,"column":21},"end":{"line":316,"column":22}},"loc":{"start":{"line":316,"column":29},"end":{"line":322,"column":3}}},"30":{"name":"(anonymous_30)","decl":{"start":{"line":321,"column":37},"end":{"line":321,"column":38}},"loc":{"start":{"line":321,"column":48},"end":{"line":321,"column":74}}},"31":{"name":"resolveProvenance","decl":{"start":{"line":326,"column":16},"end":{"line":326,"column":33}},"loc":{"start":{"line":327,"column":16},"end":{"line":331,"column":1}}},"32":{"name":"(anonymous_32)","decl":{"start":{"line":330,"column":43},"end":{"line":330,"column":44}},"loc":{"start":{"line":330,"column":54},"end":{"line":330,"column":69}}}},"branchMap":{"0":{"loc":{"start":{"line":52,"column":16},"end":{"line":52,"column":49}},"type":"cond-expr","locations":[{"start":{"line":52,"column":37},"end":{"line":52,"column":43}},{"start":{"line":52,"column":46},"end":{"line":52,"column":49}}]},"1":{"loc":{"start":{"line":53,"column":2},"end":{"line":53,"column":null}},"type":"if","locations":[{"start":{"line":53,"column":2},"end":{"line":53,"column":null}}]},"2":{"loc":{"start":{"line":53,"column":6},"end":{"line":53,"column":60}},"type":"binary-expr","locations":[{"start":{"line":53,"column":6},"end":{"line":53,"column":31}},{"start":{"line":53,"column":35},"end":{"line":53,"column":60}}]},"3":{"loc":{"start":{"line":55,"column":9},"end":{"line":55,"column":35}},"type":"cond-expr","locations":[{"start":{"line":55,"column":22},"end":{"line":55,"column":28}},{"start":{"line":55,"column":31},"end":{"line":55,"column":35}}]},"4":{"loc":{"start":{"line":59,"column":2},"end":{"line":59,"column":null}},"type":"if","locations":[{"start":{"line":59,"column":2},"end":{"line":59,"column":null}}]},"5":{"loc":{"start":{"line":71,"column":2},"end":{"line":71,"column":null}},"type":"if","locations":[{"start":{"line":71,"column":2},"end":{"line":71,"column":null}}]},"6":{"loc":{"start":{"line":71,"column":6},"end":{"line":71,"column":51}},"type":"binary-expr","locations":[{"start":{"line":71,"column":6},"end":{"line":71,"column":28}},{"start":{"line":71,"column":32},"end":{"line":71,"column":51}}]},"7":{"loc":{"start":{"line":80,"column":2},"end":{"line":80,"column":null}},"type":"if","locations":[{"start":{"line":80,"column":2},"end":{"line":80,"column":null}}]},"8":{"loc":{"start":{"line":80,"column":6},"end":{"line":80,"column":47}},"type":"binary-expr","locations":[{"start":{"line":80,"column":6},"end":{"line":80,"column":26}},{"start":{"line":80,"column":30},"end":{"line":80,"column":47}}]},"9":{"loc":{"start":{"line":108,"column":22},"end":{"line":108,"column":76}},"type":"cond-expr","locations":[{"start":{"line":108,"column":34},"end":{"line":108,"column":69}},{"start":{"line":108,"column":72},"end":{"line":108,"column":76}}]},"10":{"loc":{"start":{"line":110,"column":4},"end":{"line":112,"column":38}},"type":"cond-expr","locations":[{"start":{"line":111,"column":8},"end":{"line":111,"column":29}},{"start":{"line":112,"column":8},"end":{"line":112,"column":38}}]},"11":{"loc":{"start":{"line":110,"column":4},"end":{"line":110,"column":38}},"type":"binary-expr","locations":[{"start":{"line":110,"column":4},"end":{"line":110,"column":23}},{"start":{"line":110,"column":27},"end":{"line":110,"column":38}}]},"12":{"loc":{"start":{"line":126,"column":9},"end":{"line":126,"column":73}},"type":"cond-expr","locations":[{"start":{"line":126,"column":37},"end":{"line":126,"column":52}},{"start":{"line":126,"column":55},"end":{"line":126,"column":73}}]},"13":{"loc":{"start":{"line":156,"column":6},"end":{"line":158,"column":45}},"type":"cond-expr","locations":[{"start":{"line":157,"column":10},"end":{"line":157,"column":14}},{"start":{"line":158,"column":10},"end":{"line":158,"column":45}}]},"14":{"loc":{"start":{"line":178,"column":4},"end":{"line":181,"column":5}},"type":"if","locations":[{"start":{"line":178,"column":4},"end":{"line":181,"column":5}}]},"15":{"loc":{"start":{"line":178,"column":8},"end":{"line":178,"column":31}},"type":"binary-expr","locations":[{"start":{"line":178,"column":8},"end":{"line":178,"column":13}},{"start":{"line":178,"column":17},"end":{"line":178,"column":31}}]},"16":{"loc":{"start":{"line":217,"column":2},"end":{"line":217,"column":null}},"type":"if","locations":[{"start":{"line":217,"column":2},"end":{"line":217,"column":null}}]},"17":{"loc":{"start":{"line":218,"column":2},"end":{"line":218,"column":null}},"type":"if","locations":[{"start":{"line":218,"column":2},"end":{"line":218,"column":null}}]},"18":{"loc":{"start":{"line":224,"column":2},"end":{"line":224,"column":null}},"type":"if","locations":[{"start":{"line":224,"column":2},"end":{"line":224,"column":null}}]},"19":{"loc":{"start":{"line":225,"column":2},"end":{"line":225,"column":null}},"type":"if","locations":[{"start":{"line":225,"column":2},"end":{"line":225,"column":null}}]},"20":{"loc":{"start":{"line":236,"column":9},"end":{"line":236,"column":63}},"type":"binary-expr","locations":[{"start":{"line":236,"column":9},"end":{"line":236,"column":35}},{"start":{"line":236,"column":39},"end":{"line":236,"column":63}}]},"21":{"loc":{"start":{"line":241,"column":2},"end":{"line":241,"column":null}},"type":"if","locations":[{"start":{"line":241,"column":2},"end":{"line":241,"column":null}}]},"22":{"loc":{"start":{"line":243,"column":9},"end":{"line":243,"column":73}},"type":"cond-expr","locations":[{"start":{"line":243,"column":37},"end":{"line":243,"column":52}},{"start":{"line":243,"column":55},"end":{"line":243,"column":73}}]},"23":{"loc":{"start":{"line":251,"column":9},"end":{"line":251,"column":51}},"type":"binary-expr","locations":[{"start":{"line":251,"column":9},"end":{"line":251,"column":25}},{"start":{"line":251,"column":29},"end":{"line":251,"column":51}}]},"24":{"loc":{"start":{"line":270,"column":19},"end":{"line":270,"column":53}},"type":"binary-expr","locations":[{"start":{"line":270,"column":19},"end":{"line":270,"column":48}},{"start":{"line":270,"column":52},"end":{"line":270,"column":53}}]},"25":{"loc":{"start":{"line":271,"column":34},"end":{"line":271,"column":60}},"type":"cond-expr","locations":[{"start":{"line":271,"column":44},"end":{"line":271,"column":56}},{"start":{"line":271,"column":59},"end":{"line":271,"column":60}}]},"26":{"loc":{"start":{"line":329,"column":2},"end":{"line":329,"column":null}},"type":"if","locations":[{"start":{"line":329,"column":2},"end":{"line":329,"column":null}}]},"27":{"loc":{"start":{"line":330,"column":9},"end":{"line":330,"column":78}},"type":"binary-expr","locations":[{"start":{"line":330,"column":9},"end":{"line":330,"column":70}},{"start":{"line":330,"column":74},"end":{"line":330,"column":78}}]}},"s":{"0":1,"1":1,"2":1,"3":1,"4":1,"5":1,"6":1,"7":1,"8":1,"9":1,"10":1,"11":1,"12":1,"13":1,"14":1,"15":1,"16":1,"17":1,"18":1,"19":1,"20":1,"21":1,"22":1,"23":1,"24":1,"25":1,"26":1,"27":1,"28":9,"29":9,"30":6,"31":3,"32":3,"33":10,"34":1,"35":9,"36":4,"37":2,"38":2,"39":2,"40":4,"41":1,"42":3,"43":2,"44":6,"45":6,"46":6,"47":6,"48":2,"49":6,"50":5,"51":5,"52":1,"53":2,"54":1,"55":2,"56":1,"57":1,"58":1,"59":4,"60":9,"61":4,"62":3,"63":3,"64":1,"65":2,"66":2,"67":8,"68":3,"69":1,"70":2,"71":1,"72":1,"73":5,"74":1,"75":4,"76":1,"77":3,"78":3,"79":3,"80":3,"81":1,"82":2,"83":2,"84":3,"85":2,"86":2,"87":2,"88":2,"89":10,"90":10,"91":6,"92":6,"93":6,"94":6,"95":1,"96":2,"97":14,"98":14,"99":175,"100":16,"101":6,"102":10,"103":25},"f":{"0":9,"1":10,"2":4,"3":2,"4":4,"5":2,"6":6,"7":2,"8":6,"9":5,"10":1,"11":2,"12":1,"13":2,"14":1,"15":9,"16":2,"17":8,"18":3,"19":5,"20":3,"21":3,"22":3,"23":3,"24":2,"25":2,"26":10,"27":6,"28":2,"29":14,"30":175,"31":16,"32":25},"b":{"0":[1,8],"1":[6],"2":[9,8],"3":[2,1],"4":[1],"5":[2],"6":[4,3],"7":[1],"8":[4,3],"9":[4,2],"10":[4,2],"11":[6,4],"12":[4,1],"13":[1,1],"14":[3],"15":[4,3],"16":[1],"17":[1],"18":[1],"19":[1],"20":[3,2],"21":[1],"22":[1,1],"23":[3,2],"24":[10,0],"25":[5,5],"26":[6],"27":[10,3]}}
,"/Users/seongminhan/workspace/sinsin_dev/sinsin-rn/src/features/recipe/services/recipeDetailV2Service.ts": {"path":"/Users/seongminhan/workspace/sinsin_dev/sinsin-rn/src/features/recipe/services/recipeDetailV2Service.ts","statementMap":{"0":{"start":{"line":87,"column":0},"end":{"line":87,"column":16}},"1":{"start":{"line":170,"column":0},"end":{"line":170,"column":16}},"2":{"start":{"line":204,"column":0},"end":{"line":204,"column":16}},"3":{"start":{"line":374,"column":0},"end":{"line":374,"column":16}},"4":{"start":{"line":18,"column":0},"end":{"line":18,"column":51}},"5":{"start":{"line":19,"column":0},"end":{"line":19,"column":74}},"6":{"start":{"line":20,"column":0},"end":{"line":20,"column":null}},"7":{"start":{"line":46,"column":13},"end":{"line":50,"column":null}},"8":{"start":{"line":59,"column":2},"end":{"line":59,"column":null}},"9":{"start":{"line":63,"column":2},"end":{"line":63,"column":null}},"10":{"start":{"line":67,"column":2},"end":{"line":67,"column":null}},"11":{"start":{"line":71,"column":2},"end":{"line":71,"column":null}},"12":{"start":{"line":75,"column":2},"end":{"line":75,"column":null}},"13":{"start":{"line":79,"column":2},"end":{"line":79,"column":null}},"14":{"start":{"line":83,"column":2},"end":{"line":83,"column":null}},"15":{"start":{"line":83,"column":52},"end":{"line":83,"column":73}},"16":{"start":{"line":88,"column":17},"end":{"line":88,"column":30}},"17":{"start":{"line":89,"column":21},"end":{"line":89,"column":57}},"18":{"start":{"line":90,"column":2},"end":{"line":90,"column":null}},"19":{"start":{"line":90,"column":26},"end":{"line":90,"column":null}},"20":{"start":{"line":91,"column":2},"end":{"line":99,"column":null}},"21":{"start":{"line":103,"column":17},"end":{"line":103,"column":30}},"22":{"start":{"line":104,"column":2},"end":{"line":109,"column":null}},"23":{"start":{"line":112,"column":25},"end":{"line":112,"column":55}},"24":{"start":{"line":115,"column":2},"end":{"line":115,"column":null}},"25":{"start":{"line":115,"column":27},"end":{"line":115,"column":null}},"26":{"start":{"line":116,"column":37},"end":{"line":116,"column":39}},"27":{"start":{"line":117,"column":2},"end":{"line":127,"column":3}},"28":{"start":{"line":118,"column":19},"end":{"line":118,"column":33}},"29":{"start":{"line":119,"column":16},"end":{"line":119,"column":31}},"30":{"start":{"line":120,"column":4},"end":{"line":120,"column":44}},"31":{"start":{"line":120,"column":36},"end":{"line":120,"column":44}},"32":{"start":{"line":121,"column":4},"end":{"line":126,"column":null}},"33":{"start":{"line":128,"column":2},"end":{"line":128,"column":null}},"34":{"start":{"line":136,"column":2},"end":{"line":138,"column":null}},"35":{"start":{"line":142,"column":2},"end":{"line":142,"column":null}},"36":{"start":{"line":142,"column":27},"end":{"line":142,"column":null}},"37":{"start":{"line":143,"column":2},"end":{"line":152,"column":null}},"38":{"start":{"line":144,"column":19},"end":{"line":144,"column":33}},"39":{"start":{"line":145,"column":4},"end":{"line":151,"column":null}},"40":{"start":{"line":156,"column":2},"end":{"line":156,"column":null}},"41":{"start":{"line":156,"column":27},"end":{"line":156,"column":null}},"42":{"start":{"line":157,"column":2},"end":{"line":165,"column":null}},"43":{"start":{"line":158,"column":19},"end":{"line":158,"column":33}},"44":{"start":{"line":159,"column":4},"end":{"line":164,"column":null}},"45":{"start":{"line":168,"column":58},"end":{"line":168,"column":73}},"46":{"start":{"line":171,"column":17},"end":{"line":171,"column":30}},"47":{"start":{"line":172,"column":23},"end":{"line":174,"column":8}},"48":{"start":{"line":175,"column":17},"end":{"line":176,"column":null}},"49":{"start":{"line":176,"column":4},"end":{"line":176,"column":28}},"50":{"start":{"line":178,"column":16},"end":{"line":178,"column":33}},"51":{"start":{"line":179,"column":2},"end":{"line":184,"column":null}},"52":{"start":{"line":188,"column":2},"end":{"line":188,"column":null}},"53":{"start":{"line":188,"column":19},"end":{"line":188,"column":null}},"54":{"start":{"line":189,"column":17},"end":{"line":189,"column":30}},"55":{"start":{"line":190,"column":17},"end":{"line":190,"column":43}},"56":{"start":{"line":191,"column":2},"end":{"line":191,"column":null}},"57":{"start":{"line":191,"column":22},"end":{"line":191,"column":null}},"58":{"start":{"line":192,"column":2},"end":{"line":197,"column":null}},"59":{"start":{"line":201,"column":2},"end":{"line":201,"column":null}},"60":{"start":{"line":208,"column":17},"end":{"line":208,"column":30}},"61":{"start":{"line":209,"column":21},"end":{"line":209,"column":48}},"62":{"start":{"line":210,"column":2},"end":{"line":241,"column":null}},"63":{"start":{"line":245,"column":17},"end":{"line":245,"column":30}},"64":{"start":{"line":246,"column":16},"end":{"line":246,"column":63}},"65":{"start":{"line":247,"column":2},"end":{"line":262,"column":null}},"66":{"start":{"line":249,"column":27},"end":{"line":249,"column":41}},"67":{"start":{"line":250,"column":6},"end":{"line":257,"column":null}},"68":{"start":{"line":275,"column":13},"end":{"line":345,"column":null}},"69":{"start":{"line":280,"column":4},"end":{"line":280,"column":null}},"70":{"start":{"line":280,"column":30},"end":{"line":280,"column":null}},"71":{"start":{"line":281,"column":21},"end":{"line":283,"column":6}},"72":{"start":{"line":284,"column":4},"end":{"line":284,"column":null}},"73":{"start":{"line":292,"column":4},"end":{"line":292,"column":null}},"74":{"start":{"line":292,"column":30},"end":{"line":292,"column":null}},"75":{"start":{"line":293,"column":21},"end":{"line":293,"column":74}},"76":{"start":{"line":294,"column":19},"end":{"line":294,"column":50}},"77":{"start":{"line":295,"column":4},"end":{"line":295,"column":null}},"78":{"start":{"line":300,"column":4},"end":{"line":300,"column":36}},"79":{"start":{"line":300,"column":30},"end":{"line":300,"column":36}},"80":{"start":{"line":301,"column":4},"end":{"line":301,"column":null}},"81":{"start":{"line":308,"column":4},"end":{"line":308,"column":null}},"82":{"start":{"line":308,"column":30},"end":{"line":308,"column":null}},"83":{"start":{"line":309,"column":51},"end":{"line":312,"column":null}},"84":{"start":{"line":313,"column":4},"end":{"line":313,"column":null}},"85":{"start":{"line":313,"column":23},"end":{"line":313,"column":null}},"86":{"start":{"line":314,"column":21},"end":{"line":316,"column":6}},"87":{"start":{"line":317,"column":4},"end":{"line":317,"column":null}},"88":{"start":{"line":325,"column":4},"end":{"line":325,"column":null}},"89":{"start":{"line":325,"column":30},"end":{"line":325,"column":null}},"90":{"start":{"line":326,"column":21},"end":{"line":326,"column":80}},"91":{"start":{"line":327,"column":19},"end":{"line":327,"column":50}},"92":{"start":{"line":328,"column":19},"end":{"line":328,"column":45}},"93":{"start":{"line":329,"column":4},"end":{"line":337,"column":null}},"94":{"start":{"line":341,"column":4},"end":{"line":341,"column":null}},"95":{"start":{"line":341,"column":30},"end":{"line":341,"column":null}},"96":{"start":{"line":342,"column":21},"end":{"line":342,"column":74}},"97":{"start":{"line":343,"column":4},"end":{"line":343,"column":null}},"98":{"start":{"line":358,"column":19},"end":{"line":358,"column":47}},"99":{"start":{"line":361,"column":19},"end":{"line":361,"column":43}},"100":{"start":{"line":362,"column":2},"end":{"line":362,"column":null}},"101":{"start":{"line":362,"column":16},"end":{"line":362,"column":null}},"102":{"start":{"line":363,"column":29},"end":{"line":368,"column":null}},"103":{"start":{"line":366,"column":43},"end":{"line":366,"column":56}},"104":{"start":{"line":369,"column":2},"end":{"line":369,"column":null}},"105":{"start":{"line":370,"column":2},"end":{"line":370,"column":null}},"106":{"start":{"line":375,"column":2},"end":{"line":375,"column":null}},"107":{"start":{"line":379,"column":2},"end":{"line":379,"column":null}},"108":{"start":{"line":379,"column":35},"end":{"line":379,"column":null}},"109":{"start":{"line":380,"column":2},"end":{"line":382,"column":null}},"110":{"start":{"line":381,"column":4},"end":{"line":381,"column":60}},"111":{"start":{"line":381,"column":21},"end":{"line":381,"column":35}},"112":{"start":{"line":385,"column":31},"end":{"line":418,"column":null}},"113":{"start":{"line":422,"column":16},"end":{"line":422,"column":35}},"114":{"start":{"line":423,"column":18},"end":{"line":423,"column":36}},"115":{"start":{"line":424,"column":2},"end":{"line":533,"column":null}},"116":{"start":{"line":537,"column":54},"end":{"line":537,"column":69}},"117":{"start":{"line":538,"column":12},"end":{"line":538,"column":13}},"118":{"start":{"line":539,"column":2},"end":{"line":543,"column":3}},"119":{"start":{"line":540,"column":18},"end":{"line":540,"column":73}},"120":{"start":{"line":541,"column":4},"end":{"line":541,"column":null}},"121":{"start":{"line":542,"column":4},"end":{"line":542,"column":null}},"122":{"start":{"line":544,"column":16},"end":{"line":544,"column":36}},"123":{"start":{"line":545,"column":2},"end":{"line":549,"column":null}},"124":{"start":{"line":556,"column":2},"end":{"line":559,"column":null}},"125":{"start":{"line":566,"column":16},"end":{"line":566,"column":35}},"126":{"start":{"line":567,"column":2},"end":{"line":570,"column":3}},"127":{"start":{"line":568,"column":4},"end":{"line":568,"column":null}},"128":{"start":{"line":569,"column":4},"end":{"line":569,"column":null}},"129":{"start":{"line":571,"column":2},"end":{"line":571,"column":null}},"130":{"start":{"line":574,"column":30},"end":{"line":574,"column":31}},"131":{"start":{"line":580,"column":16},"end":{"line":580,"column":35}},"132":{"start":{"line":581,"column":17},"end":{"line":584,"column":null}},"133":{"start":{"line":582,"column":4},"end":{"line":584,"column":61}},"134":{"start":{"line":586,"column":16},"end":{"line":586,"column":53}},"135":{"start":{"line":587,"column":17},"end":{"line":587,"column":58}},"136":{"start":{"line":588,"column":16},"end":{"line":588,"column":65}},"137":{"start":{"line":589,"column":15},"end":{"line":589,"column":49}},"138":{"start":{"line":590,"column":21},"end":{"line":590,"column":40}},"139":{"start":{"line":591,"column":2},"end":{"line":596,"column":null}},"140":{"start":{"line":603,"column":16},"end":{"line":603,"column":35}},"141":{"start":{"line":604,"column":14},"end":{"line":604,"column":38}},"142":{"start":{"line":605,"column":19},"end":{"line":605,"column":62}},"143":{"start":{"line":605,"column":50},"end":{"line":605,"column":61}},"144":{"start":{"line":606,"column":2},"end":{"line":618,"column":3}},"145":{"start":{"line":607,"column":4},"end":{"line":607,"column":null}},"146":{"start":{"line":608,"column":4},"end":{"line":608,"column":null}},"147":{"start":{"line":610,"column":4},"end":{"line":617,"column":null}},"148":{"start":{"line":619,"column":2},"end":{"line":624,"column":null}},"149":{"start":{"line":625,"column":2},"end":{"line":625,"column":null}},"150":{"start":{"line":631,"column":16},"end":{"line":631,"column":35}},"151":{"start":{"line":632,"column":2},"end":{"line":632,"column":null}},"152":{"start":{"line":632,"column":51},"end":{"line":632,"column":63}},"153":{"start":{"line":633,"column":2},"end":{"line":633,"column":null}},"154":{"start":{"line":634,"column":2},"end":{"line":634,"column":null}}},"fnMap":{"0":{"name":"asRecord","decl":{"start":{"line":58,"column":9},"end":{"line":58,"column":17}},"loc":{"start":{"line":58,"column":32},"end":{"line":60,"column":1}}},"1":{"name":"num","decl":{"start":{"line":62,"column":9},"end":{"line":62,"column":12}},"loc":{"start":{"line":62,"column":41},"end":{"line":64,"column":1}}},"2":{"name":"nullableNum","decl":{"start":{"line":66,"column":9},"end":{"line":66,"column":20}},"loc":{"start":{"line":66,"column":35},"end":{"line":68,"column":1}}},"3":{"name":"str","decl":{"start":{"line":70,"column":9},"end":{"line":70,"column":12}},"loc":{"start":{"line":70,"column":42},"end":{"line":72,"column":1}}},"4":{"name":"nullableStr","decl":{"start":{"line":74,"column":9},"end":{"line":74,"column":20}},"loc":{"start":{"line":74,"column":35},"end":{"line":76,"column":1}}},"5":{"name":"bool","decl":{"start":{"line":78,"column":9},"end":{"line":78,"column":13}},"loc":{"start":{"line":78,"column":28},"end":{"line":80,"column":1}}},"6":{"name":"strList","decl":{"start":{"line":82,"column":9},"end":{"line":82,"column":16}},"loc":{"start":{"line":82,"column":31},"end":{"line":84,"column":1}}},"7":{"name":"(anonymous_7)","decl":{"start":{"line":83,"column":45},"end":{"line":83,"column":46}},"loc":{"start":{"line":83,"column":52},"end":{"line":83,"column":73}}},"8":{"name":"mapNutrition","decl":{"start":{"line":87,"column":16},"end":{"line":87,"column":28}},"loc":{"start":{"line":87,"column":41},"end":{"line":100,"column":1}}},"9":{"name":"mapBudget","decl":{"start":{"line":102,"column":9},"end":{"line":102,"column":18}},"loc":{"start":{"line":102,"column":31},"end":{"line":110,"column":1}}},"10":{"name":"mapBreakdown","decl":{"start":{"line":114,"column":9},"end":{"line":114,"column":21}},"loc":{"start":{"line":114,"column":34},"end":{"line":129,"column":1}}},"11":{"name":"ordinalOr","decl":{"start":{"line":135,"column":9},"end":{"line":135,"column":18}},"loc":{"start":{"line":135,"column":48},"end":{"line":139,"column":1}}},"12":{"name":"mapIngredients","decl":{"start":{"line":141,"column":9},"end":{"line":141,"column":23}},"loc":{"start":{"line":141,"column":36},"end":{"line":153,"column":1}}},"13":{"name":"(anonymous_13)","decl":{"start":{"line":143,"column":17},"end":{"line":143,"column":18}},"loc":{"start":{"line":143,"column":33},"end":{"line":152,"column":3}}},"14":{"name":"mapSteps","decl":{"start":{"line":155,"column":9},"end":{"line":155,"column":17}},"loc":{"start":{"line":155,"column":30},"end":{"line":166,"column":1}}},"15":{"name":"(anonymous_15)","decl":{"start":{"line":157,"column":17},"end":{"line":157,"column":18}},"loc":{"start":{"line":157,"column":33},"end":{"line":165,"column":3}}},"16":{"name":"mapRating","decl":{"start":{"line":170,"column":16},"end":{"line":170,"column":25}},"loc":{"start":{"line":170,"column":38},"end":{"line":185,"column":1}}},"17":{"name":"(anonymous_17)","decl":{"start":{"line":175,"column":40},"end":{"line":175,"column":41}},"loc":{"start":{"line":176,"column":4},"end":{"line":176,"column":28}}},"18":{"name":"mapMyReview","decl":{"start":{"line":187,"column":9},"end":{"line":187,"column":20}},"loc":{"start":{"line":187,"column":33},"end":{"line":198,"column":1}}},"19":{"name":"mapLocale","decl":{"start":{"line":200,"column":9},"end":{"line":200,"column":18}},"loc":{"start":{"line":200,"column":58},"end":{"line":202,"column":1}}},"20":{"name":"mapRecipeDetail","decl":{"start":{"line":204,"column":16},"end":{"line":204,"column":31}},"loc":{"start":{"line":206,"column":32},"end":{"line":242,"column":1}}},"21":{"name":"mapReviewList","decl":{"start":{"line":244,"column":9},"end":{"line":244,"column":22}},"loc":{"start":{"line":244,"column":35},"end":{"line":263,"column":1}}},"22":{"name":"(anonymous_22)","decl":{"start":{"line":248,"column":21},"end":{"line":248,"column":22}},"loc":{"start":{"line":248,"column":30},"end":{"line":258,"column":5}}},"23":{"name":"(anonymous_23)","decl":{"start":{"line":276,"column":2},"end":{"line":276,"column":7}},"loc":{"start":{"line":278,"column":25},"end":{"line":285,"column":3}}},"24":{"name":"(anonymous_24)","decl":{"start":{"line":288,"column":2},"end":{"line":288,"column":7}},"loc":{"start":{"line":290,"column":18},"end":{"line":296,"column":3}}},"25":{"name":"(anonymous_25)","decl":{"start":{"line":299,"column":2},"end":{"line":299,"column":7}},"loc":{"start":{"line":299,"column":35},"end":{"line":302,"column":3}}},"26":{"name":"(anonymous_26)","decl":{"start":{"line":304,"column":2},"end":{"line":304,"column":7}},"loc":{"start":{"line":306,"column":33},"end":{"line":318,"column":3}}},"27":{"name":"(anonymous_27)","decl":{"start":{"line":321,"column":2},"end":{"line":321,"column":7}},"loc":{"start":{"line":323,"column":34},"end":{"line":338,"column":3}}},"28":{"name":"(anonymous_28)","decl":{"start":{"line":340,"column":2},"end":{"line":340,"column":7}},"loc":{"start":{"line":340,"column":39},"end":{"line":344,"column":3}}},"29":{"name":"mockState","decl":{"start":{"line":360,"column":9},"end":{"line":360,"column":18}},"loc":{"start":{"line":360,"column":35},"end":{"line":371,"column":1}}},"30":{"name":"(anonymous_30)","decl":{"start":{"line":366,"column":30},"end":{"line":366,"column":31}},"loc":{"start":{"line":366,"column":43},"end":{"line":366,"column":56}}},"31":{"name":"resetRecipeV2Mock","decl":{"start":{"line":374,"column":16},"end":{"line":374,"column":33}},"loc":{"start":{"line":374,"column":33},"end":{"line":376,"column":1}}},"32":{"name":"delay","decl":{"start":{"line":378,"column":9},"end":{"line":378,"column":14}},"loc":{"start":{"line":378,"column":26},"end":{"line":383,"column":1}}},"33":{"name":"(anonymous_33)","decl":{"start":{"line":380,"column":21},"end":{"line":380,"column":22}},"loc":{"start":{"line":381,"column":4},"end":{"line":381,"column":60}}},"34":{"name":"(anonymous_34)","decl":{"start":{"line":381,"column":15},"end":{"line":381,"column":18}},"loc":{"start":{"line":381,"column":21},"end":{"line":381,"column":35}}},"35":{"name":"mockDetailPayload","decl":{"start":{"line":421,"column":9},"end":{"line":421,"column":26}},"loc":{"start":{"line":421,"column":66},"end":{"line":534,"column":1}}},"36":{"name":"mockSummary","decl":{"start":{"line":536,"column":9},"end":{"line":536,"column":20}},"loc":{"start":{"line":536,"column":37},"end":{"line":550,"column":1}}},"37":{"name":"mockGetDetail","decl":{"start":{"line":552,"column":15},"end":{"line":552,"column":28}},"loc":{"start":{"line":554,"column":23},"end":{"line":560,"column":1}}},"38":{"name":"mockSetSaved","decl":{"start":{"line":562,"column":15},"end":{"line":562,"column":27}},"loc":{"start":{"line":564,"column":16},"end":{"line":572,"column":1}}},"39":{"name":"mockGetReviews","decl":{"start":{"line":576,"column":15},"end":{"line":576,"column":29}},"loc":{"start":{"line":578,"column":26},"end":{"line":597,"column":1}}},"40":{"name":"(anonymous_40)","decl":{"start":{"line":581,"column":41},"end":{"line":581,"column":42}},"loc":{"start":{"line":582,"column":4},"end":{"line":584,"column":61}}},"41":{"name":"mockUpsertReview","decl":{"start":{"line":599,"column":15},"end":{"line":599,"column":31}},"loc":{"start":{"line":601,"column":32},"end":{"line":626,"column":1}}},"42":{"name":"(anonymous_42)","decl":{"start":{"line":605,"column":38},"end":{"line":605,"column":39}},"loc":{"start":{"line":605,"column":50},"end":{"line":605,"column":61}}},"43":{"name":"mockDeleteReview","decl":{"start":{"line":628,"column":15},"end":{"line":628,"column":31}},"loc":{"start":{"line":629,"column":18},"end":{"line":635,"column":1}}},"44":{"name":"(anonymous_44)","decl":{"start":{"line":632,"column":39},"end":{"line":632,"column":40}},"loc":{"start":{"line":632,"column":51},"end":{"line":632,"column":63}}}},"branchMap":{"0":{"loc":{"start":{"line":59,"column":9},"end":{"line":59,"column":71}},"type":"cond-expr","locations":[{"start":{"line":59,"column":47},"end":{"line":59,"column":66}},{"start":{"line":59,"column":69},"end":{"line":59,"column":71}}]},"1":{"loc":{"start":{"line":59,"column":9},"end":{"line":59,"column":43}},"type":"binary-expr","locations":[{"start":{"line":59,"column":9},"end":{"line":59,"column":14}},{"start":{"line":59,"column":18},"end":{"line":59,"column":43}}]},"2":{"loc":{"start":{"line":62,"column":29},"end":{"line":62,"column":41}},"type":"default-arg","locations":[{"start":{"line":62,"column":40},"end":{"line":62,"column":41}}]},"3":{"loc":{"start":{"line":63,"column":9},"end":{"line":63,"column":79}},"type":"cond-expr","locations":[{"start":{"line":63,"column":63},"end":{"line":63,"column":68}},{"start":{"line":63,"column":71},"end":{"line":63,"column":79}}]},"4":{"loc":{"start":{"line":63,"column":9},"end":{"line":63,"column":60}},"type":"binary-expr","locations":[{"start":{"line":63,"column":9},"end":{"line":63,"column":34}},{"start":{"line":63,"column":38},"end":{"line":63,"column":60}}]},"5":{"loc":{"start":{"line":67,"column":9},"end":{"line":67,"column":75}},"type":"cond-expr","locations":[{"start":{"line":67,"column":63},"end":{"line":67,"column":68}},{"start":{"line":67,"column":71},"end":{"line":67,"column":75}}]},"6":{"loc":{"start":{"line":67,"column":9},"end":{"line":67,"column":60}},"type":"binary-expr","locations":[{"start":{"line":67,"column":9},"end":{"line":67,"column":34}},{"start":{"line":67,"column":38},"end":{"line":67,"column":60}}]},"7":{"loc":{"start":{"line":70,"column":29},"end":{"line":70,"column":42}},"type":"default-arg","locations":[{"start":{"line":70,"column":40},"end":{"line":70,"column":42}}]},"8":{"loc":{"start":{"line":71,"column":9},"end":{"line":71,"column":53}},"type":"cond-expr","locations":[{"start":{"line":71,"column":37},"end":{"line":71,"column":42}},{"start":{"line":71,"column":45},"end":{"line":71,"column":53}}]},"9":{"loc":{"start":{"line":75,"column":9},"end":{"line":75,"column":69}},"type":"cond-expr","locations":[{"start":{"line":75,"column":57},"end":{"line":75,"column":62}},{"start":{"line":75,"column":65},"end":{"line":75,"column":69}}]},"10":{"loc":{"start":{"line":75,"column":9},"end":{"line":75,"column":54}},"type":"binary-expr","locations":[{"start":{"line":75,"column":9},"end":{"line":75,"column":34}},{"start":{"line":75,"column":38},"end":{"line":75,"column":54}}]},"11":{"loc":{"start":{"line":83,"column":9},"end":{"line":83,"column":79}},"type":"cond-expr","locations":[{"start":{"line":83,"column":32},"end":{"line":83,"column":74}},{"start":{"line":83,"column":77},"end":{"line":83,"column":79}}]},"12":{"loc":{"start":{"line":90,"column":2},"end":{"line":90,"column":null}},"type":"if","locations":[{"start":{"line":90,"column":2},"end":{"line":90,"column":null}}]},"13":{"loc":{"start":{"line":115,"column":2},"end":{"line":115,"column":null}},"type":"if","locations":[{"start":{"line":115,"column":2},"end":{"line":115,"column":null}}]},"14":{"loc":{"start":{"line":120,"column":4},"end":{"line":120,"column":44}},"type":"if","locations":[{"start":{"line":120,"column":4},"end":{"line":120,"column":44}}]},"15":{"loc":{"start":{"line":124,"column":12},"end":{"line":124,"column":44}},"type":"cond-expr","locations":[{"start":{"line":124,"column":34},"end":{"line":124,"column":37}},{"start":{"line":124,"column":40},"end":{"line":124,"column":44}}]},"16":{"loc":{"start":{"line":136,"column":9},"end":{"line":138,"column":15}},"type":"cond-expr","locations":[{"start":{"line":137,"column":6},"end":{"line":137,"column":11}},{"start":{"line":138,"column":6},"end":{"line":138,"column":15}}]},"17":{"loc":{"start":{"line":136,"column":9},"end":{"line":136,"column":74}},"type":"binary-expr","locations":[{"start":{"line":136,"column":9},"end":{"line":136,"column":34}},{"start":{"line":136,"column":38},"end":{"line":136,"column":61}},{"start":{"line":136,"column":65},"end":{"line":136,"column":74}}]},"18":{"loc":{"start":{"line":142,"column":2},"end":{"line":142,"column":null}},"type":"if","locations":[{"start":{"line":142,"column":2},"end":{"line":142,"column":null}}]},"19":{"loc":{"start":{"line":156,"column":2},"end":{"line":156,"column":null}},"type":"if","locations":[{"start":{"line":156,"column":2},"end":{"line":156,"column":null}}]},"20":{"loc":{"start":{"line":172,"column":23},"end":{"line":174,"column":8}},"type":"cond-expr","locations":[{"start":{"line":173,"column":6},"end":{"line":173,"column":25}},{"start":{"line":174,"column":6},"end":{"line":174,"column":8}}]},"21":{"loc":{"start":{"line":181,"column":13},"end":{"line":181,"column":59}},"type":"cond-expr","locations":[{"start":{"line":181,"column":25},"end":{"line":181,"column":52}},{"start":{"line":181,"column":55},"end":{"line":181,"column":59}}]},"22":{"loc":{"start":{"line":188,"column":2},"end":{"line":188,"column":null}},"type":"if","locations":[{"start":{"line":188,"column":2},"end":{"line":188,"column":null}}]},"23":{"loc":{"start":{"line":191,"column":2},"end":{"line":191,"column":null}},"type":"if","locations":[{"start":{"line":191,"column":2},"end":{"line":191,"column":null}}]},"24":{"loc":{"start":{"line":201,"column":9},"end":{"line":201,"column":65}},"type":"cond-expr","locations":[{"start":{"line":201,"column":26},"end":{"line":201,"column":30}},{"start":{"line":201,"column":33},"end":{"line":201,"column":65}}]},"25":{"loc":{"start":{"line":201,"column":33},"end":{"line":201,"column":65}},"type":"cond-expr","locations":[{"start":{"line":201,"column":50},"end":{"line":201,"column":54}},{"start":{"line":201,"column":57},"end":{"line":201,"column":65}}]},"26":{"loc":{"start":{"line":246,"column":16},"end":{"line":246,"column":63}},"type":"cond-expr","locations":[{"start":{"line":246,"column":46},"end":{"line":246,"column":58}},{"start":{"line":246,"column":61},"end":{"line":246,"column":63}}]},"27":{"loc":{"start":{"line":280,"column":4},"end":{"line":280,"column":null}},"type":"if","locations":[{"start":{"line":280,"column":4},"end":{"line":280,"column":null}}]},"28":{"loc":{"start":{"line":292,"column":4},"end":{"line":292,"column":null}},"type":"if","locations":[{"start":{"line":292,"column":4},"end":{"line":292,"column":null}}]},"29":{"loc":{"start":{"line":300,"column":4},"end":{"line":300,"column":36}},"type":"if","locations":[{"start":{"line":300,"column":4},"end":{"line":300,"column":36}}]},"30":{"loc":{"start":{"line":306,"column":4},"end":{"line":306,"column":33}},"type":"default-arg","locations":[{"start":{"line":306,"column":31},"end":{"line":306,"column":33}}]},"31":{"loc":{"start":{"line":308,"column":4},"end":{"line":308,"column":null}},"type":"if","locations":[{"start":{"line":308,"column":4},"end":{"line":308,"column":null}}]},"32":{"loc":{"start":{"line":310,"column":13},"end":{"line":310,"column":31}},"type":"binary-expr","locations":[{"start":{"line":310,"column":13},"end":{"line":310,"column":25}},{"start":{"line":310,"column":29},"end":{"line":310,"column":31}}]},"33":{"loc":{"start":{"line":311,"column":12},"end":{"line":311,"column":35}},"type":"binary-expr","locations":[{"start":{"line":311,"column":12},"end":{"line":311,"column":23}},{"start":{"line":311,"column":27},"end":{"line":311,"column":35}}]},"34":{"loc":{"start":{"line":313,"column":4},"end":{"line":313,"column":null}},"type":"if","locations":[{"start":{"line":313,"column":4},"end":{"line":313,"column":null}}]},"35":{"loc":{"start":{"line":325,"column":4},"end":{"line":325,"column":null}},"type":"if","locations":[{"start":{"line":325,"column":4},"end":{"line":325,"column":null}}]},"36":{"loc":{"start":{"line":330,"column":14},"end":{"line":335,"column":null}},"type":"binary-expr","locations":[{"start":{"line":330,"column":14},"end":{"line":330,"column":20}},{"start":{"line":330,"column":24},"end":{"line":335,"column":null}}]},"37":{"loc":{"start":{"line":332,"column":14},"end":{"line":332,"column":34}},"type":"binary-expr","locations":[{"start":{"line":332,"column":14},"end":{"line":332,"column":26}},{"start":{"line":332,"column":30},"end":{"line":332,"column":34}}]},"38":{"loc":{"start":{"line":341,"column":4},"end":{"line":341,"column":null}},"type":"if","locations":[{"start":{"line":341,"column":4},"end":{"line":341,"column":null}}]},"39":{"loc":{"start":{"line":362,"column":2},"end":{"line":362,"column":null}},"type":"if","locations":[{"start":{"line":362,"column":2},"end":{"line":362,"column":null}}]},"40":{"loc":{"start":{"line":379,"column":2},"end":{"line":379,"column":null}},"type":"if","locations":[{"start":{"line":379,"column":2},"end":{"line":379,"column":null}}]},"41":{"loc":{"start":{"line":546,"column":13},"end":{"line":546,"column":67}},"type":"cond-expr","locations":[{"start":{"line":546,"column":25},"end":{"line":546,"column":60}},{"start":{"line":546,"column":63},"end":{"line":546,"column":67}}]},"42":{"loc":{"start":{"line":567,"column":2},"end":{"line":570,"column":3}},"type":"if","locations":[{"start":{"line":567,"column":2},"end":{"line":570,"column":3}}]},"43":{"loc":{"start":{"line":569,"column":23},"end":{"line":569,"column":37}},"type":"cond-expr","locations":[{"start":{"line":569,"column":31},"end":{"line":569,"column":32}},{"start":{"line":569,"column":35},"end":{"line":569,"column":37}}]},"44":{"loc":{"start":{"line":582,"column":4},"end":{"line":584,"column":61}},"type":"cond-expr","locations":[{"start":{"line":583,"column":8},"end":{"line":583,"column":42}},{"start":{"line":584,"column":8},"end":{"line":584,"column":61}}]},"45":{"loc":{"start":{"line":583,"column":8},"end":{"line":583,"column":42}},"type":"binary-expr","locations":[{"start":{"line":583,"column":8},"end":{"line":583,"column":27}},{"start":{"line":583,"column":31},"end":{"line":583,"column":42}}]},"46":{"loc":{"start":{"line":584,"column":8},"end":{"line":584,"column":61}},"type":"binary-expr","locations":[{"start":{"line":584,"column":8},"end":{"line":584,"column":46}},{"start":{"line":584,"column":50},"end":{"line":584,"column":61}}]},"47":{"loc":{"start":{"line":586,"column":16},"end":{"line":586,"column":53}},"type":"binary-expr","locations":[{"start":{"line":586,"column":16},"end":{"line":586,"column":28}},{"start":{"line":586,"column":32},"end":{"line":586,"column":53}}]},"48":{"loc":{"start":{"line":587,"column":17},"end":{"line":587,"column":58}},"type":"cond-expr","locations":[{"start":{"line":587,"column":33},"end":{"line":587,"column":54}},{"start":{"line":587,"column":57},"end":{"line":587,"column":58}}]},"49":{"loc":{"start":{"line":588,"column":16},"end":{"line":588,"column":65}},"type":"cond-expr","locations":[{"start":{"line":588,"column":42},"end":{"line":588,"column":61}},{"start":{"line":588,"column":64},"end":{"line":588,"column":65}}]},"50":{"loc":{"start":{"line":593,"column":16},"end":{"line":593,"column":70}},"type":"cond-expr","locations":[{"start":{"line":593,"column":45},"end":{"line":593,"column":63}},{"start":{"line":593,"column":66},"end":{"line":593,"column":70}}]},"51":{"loc":{"start":{"line":606,"column":2},"end":{"line":618,"column":3}},"type":"if","locations":[{"start":{"line":606,"column":2},"end":{"line":618,"column":3}},{"start":{"line":609,"column":9},"end":{"line":618,"column":3}}]},"52":{"loc":{"start":{"line":608,"column":20},"end":{"line":608,"column":40}},"type":"binary-expr","locations":[{"start":{"line":608,"column":20},"end":{"line":608,"column":32}},{"start":{"line":608,"column":36},"end":{"line":608,"column":40}}]},"53":{"loc":{"start":{"line":614,"column":12},"end":{"line":614,"column":32}},"type":"binary-expr","locations":[{"start":{"line":614,"column":12},"end":{"line":614,"column":24}},{"start":{"line":614,"column":28},"end":{"line":614,"column":32}}]},"54":{"loc":{"start":{"line":621,"column":10},"end":{"line":621,"column":30}},"type":"binary-expr","locations":[{"start":{"line":621,"column":10},"end":{"line":621,"column":22}},{"start":{"line":621,"column":26},"end":{"line":621,"column":30}}]},"55":{"loc":{"start":{"line":622,"column":15},"end":{"line":622,"column":47}},"type":"binary-expr","locations":[{"start":{"line":622,"column":15},"end":{"line":622,"column":40}},{"start":{"line":622,"column":44},"end":{"line":622,"column":47}}]}},"s":{"0":1,"1":1,"2":1,"3":1,"4":1,"5":1,"6":1,"7":1,"8":119,"9":175,"10":62,"11":71,"12":47,"13":43,"14":13,"15":9,"16":11,"17":11,"18":11,"19":6,"20":5,"21":8,"22":8,"23":1,"24":8,"25":6,"26":2,"27":2,"28":8,"29":8,"30":8,"31":0,"32":8,"33":2,"34":21,"35":8,"36":5,"37":3,"38":12,"39":12,"40":8,"41":5,"42":3,"43":9,"44":9,"45":1,"46":16,"47":16,"48":16,"49":80,"50":16,"51":16,"52":10,"53":9,"54":1,"55":1,"56":1,"57":0,"58":1,"59":16,"60":8,"61":8,"62":8,"63":3,"64":3,"65":3,"66":2,"67":2,"68":1,"69":6,"70":2,"71":4,"72":4,"73":5,"74":3,"75":2,"76":2,"77":2,"78":1,"79":0,"80":1,"81":5,"82":2,"83":3,"84":3,"85":1,"86":3,"87":3,"88":4,"89":2,"90":2,"91":2,"92":2,"93":2,"94":3,"95":2,"96":1,"97":1,"98":1,"99":11,"100":11,"101":6,"102":5,"103":20,"104":5,"105":5,"106":5,"107":11,"108":11,"109":0,"110":0,"111":0,"112":1,"113":2,"114":2,"115":2,"116":8,"117":8,"118":8,"119":34,"120":34,"121":34,"122":8,"123":8,"124":2,"125":3,"126":3,"127":2,"128":2,"129":3,"130":1,"131":2,"132":2,"133":6,"134":2,"135":2,"136":2,"137":2,"138":2,"139":2,"140":2,"141":2,"142":2,"143":5,"144":2,"145":1,"146":1,"147":1,"148":2,"149":2,"150":2,"151":2,"152":9,"153":2,"154":2},"f":{"0":119,"1":175,"2":62,"3":71,"4":47,"5":43,"6":13,"7":9,"8":11,"9":8,"10":8,"11":21,"12":8,"13":12,"14":8,"15":9,"16":16,"17":80,"18":10,"19":16,"20":8,"21":3,"22":2,"23":6,"24":5,"25":1,"26":5,"27":4,"28":3,"29":11,"30":20,"31":5,"32":11,"33":0,"34":0,"35":2,"36":8,"37":2,"38":3,"39":2,"40":6,"41":2,"42":5,"43":2,"44":9},"b":{"0":[87,32],"1":[119,87],"2":[175],"3":[87,88],"4":[175,87],"5":[32,30],"6":[62,32],"7":[71],"8":[56,15],"9":[9,38],"10":[47,9],"11":[5,8],"12":[6],"13":[6],"14":[0],"15":[2,6],"16":[18,3],"17":[21,21,21],"18":[5],"19":[5],"20":[10,6],"21":[8,8],"22":[9],"23":[0],"24":[2,14],"25":[4,10],"26":[3,0],"27":[2],"28":[3],"29":[0],"30":[2],"31":[2],"32":[3,2],"33":[3,2],"34":[1],"35":[2],"36":[2,1],"37":[1,1],"38":[2],"39":[6],"40":[11],"41":[8,0],"42":[2],"43":[1,1],"44":[0,6],"45":[0,0],"46":[6,0],"47":[2,0],"48":[1,1],"49":[2,0],"50":[1,1],"51":[1,1],"52":[1,1],"53":[1,0],"54":[2,1],"55":[2,1]}}
}
