{"/Users/seongminhan/workspace/sinsin_dev/sinsin-rn/src/features/restaurant/utils/reviewReportReasons.ts": {"path":"/Users/seongminhan/workspace/sinsin_dev/sinsin-rn/src/features/restaurant/utils/reviewReportReasons.ts","statementMap":{"0":{"start":{"line":133,"column":0},"end":{"line":133,"column":16}},"1":{"start":{"line":53,"column":13},"end":{"line":59,"column":null}},"2":{"start":{"line":71,"column":13},"end":{"line":111,"column":null}},"3":{"start":{"line":117,"column":13},"end":{"line":118,"column":null}},"4":{"start":{"line":125,"column":13},"end":{"line":125,"column":null}},"5":{"start":{"line":138,"column":4},"end":{"line":139,"column":11}},"6":{"start":{"line":138,"column":41},"end":{"line":138,"column":59}},"7":{"start":{"line":140,"column":15},"end":{"line":140,"column":26}},"8":{"start":{"line":141,"column":15},"end":{"line":141,"column":30}},"9":{"start":{"line":142,"column":2},"end":{"line":142,"column":null}},"10":{"start":{"line":142,"column":25},"end":{"line":142,"column":null}},"11":{"start":{"line":144,"column":2},"end":{"line":147,"column":null}},"12":{"start":{"line":152,"column":2},"end":{"line":152,"column":null}},"13":{"start":{"line":152,"column":26},"end":{"line":152,"column":null}},"14":{"start":{"line":153,"column":14},"end":{"line":153,"column":45}},"15":{"start":{"line":154,"column":15},"end":{"line":154,"column":45}},"16":{"start":{"line":155,"column":2},"end":{"line":155,"column":null}}},"fnMap":{"0":{"name":"buildReviewReportPayload","decl":{"start":{"line":133,"column":16},"end":{"line":133,"column":40}},"loc":{"start":{"line":135,"column":15},"end":{"line":148,"column":1}}},"1":{"name":"(anonymous_1)","decl":{"start":{"line":138,"column":31},"end":{"line":138,"column":32}},"loc":{"start":{"line":138,"column":41},"end":{"line":138,"column":59}}},"2":{"name":"clampUtf16","decl":{"start":{"line":151,"column":9},"end":{"line":151,"column":19}},"loc":{"start":{"line":151,"column":45},"end":{"line":156,"column":1}}}},"branchMap":{"0":{"loc":{"start":{"line":135,"column":2},"end":{"line":135,"column":15}},"type":"default-arg","locations":[{"start":{"line":135,"column":13},"end":{"line":135,"column":15}}]},"1":{"loc":{"start":{"line":138,"column":4},"end":{"line":139,"column":11}},"type":"binary-expr","locations":[{"start":{"line":138,"column":4},"end":{"line":138,"column":74}},{"start":{"line":139,"column":4},"end":{"line":139,"column":11}}]},"2":{"loc":{"start":{"line":142,"column":2},"end":{"line":142,"column":null}},"type":"if","locations":[{"start":{"line":142,"column":2},"end":{"line":142,"column":null}}]},"3":{"loc":{"start":{"line":152,"column":2},"end":{"line":152,"column":null}},"type":"if","locations":[{"start":{"line":152,"column":2},"end":{"line":152,"column":null}}]},"4":{"loc":{"start":{"line":155,"column":9},"end":{"line":155,"column":66}},"type":"cond-expr","locations":[{"start":{"line":155,"column":44},"end":{"line":155,"column":60}},{"start":{"line":155,"column":63},"end":{"line":155,"column":66}}]},"5":{"loc":{"start":{"line":155,"column":9},"end":{"line":155,"column":41}},"type":"binary-expr","locations":[{"start":{"line":155,"column":9},"end":{"line":155,"column":23}},{"start":{"line":155,"column":27},"end":{"line":155,"column":41}}]}},"s":{"0":1,"1":1,"2":1,"3":1,"4":1,"5":19,"6":84,"7":19,"8":19,"9":19,"10":15,"11":4,"12":4,"13":2,"14":2,"15":2,"16":2},"f":{"0":19,"1":84,"2":4},"b":{"0":[15],"1":[19,0],"2":[15],"3":[2],"4":[0,2],"5":[2,1]}}
}
