TN:
SF:src/features/restaurant/utils/reviewReportReasons.ts
FN:133,buildReviewReportPayload
FN:138,(anonymous_1)
FN:151,clampUtf16
FNF:3
FNH:3
FNDA:19,buildReviewReportPayload
FNDA:84,(anonymous_1)
FNDA:4,clampUtf16
DA:53,1
DA:71,1
DA:117,1
DA:125,1
DA:133,1
DA:138,84
DA:140,19
DA:141,19
DA:142,19
DA:144,4
DA:152,4
DA:153,2
DA:154,2
DA:155,2
LF:14
LH:14
BRDA:135,0,0,15
BRDA:138,1,0,19
BRDA:138,1,1,0
BRDA:142,2,0,15
BRDA:152,3,0,2
BRDA:155,4,0,0
BRDA:155,4,1,2
BRDA:155,5,0,2
BRDA:155,5,1,1
BRF:9
BRH:7
end_of_record
