TN:
SF:src/features/recipe/components/detail/recipeDetailModel.ts
FN:49,parseRecipeId
FN:58,clampServings
FN:67,isServingAdjustable
FN:72,(anonymous_3)
FN:76,ingredientScale
FN:85,nutritionScale
FN:103,scaleIngredient
FN:116,scaleIngredients
FN:120,(anonymous_8)
FN:124,formatGrams
FN:130,scaleNutrition
FN:148,scaleHeadline
FN:162,scaleBreakdown
FN:166,(anonymous_13)
FN:170,orderBreakdown
FN:177,(anonymous_15)
FN:190,deriveBreakdown
FN:199,(anonymous_17)
FN:213,breakdownForDisplay
FN:223,barFillRatio
FN:230,formatPercent
FN:235,isOverRemaining
FN:240,formatNutrientAmount
FN:250,hasRatings
FN:254,formatAverage
FN:266,distributionRows
FN:269,(anonymous_26)
FN:276,formatDuration
FN:315,filterClinicalTags
FN:316,(anonymous_29)
FN:321,(anonymous_30)
FN:326,resolveProvenance
FN:330,(anonymous_32)
FNF:33
FNH:33
FNDA:9,parseRecipeId
FNDA:10,clampServings
FNDA:4,isServingAdjustable
FNDA:2,(anonymous_3)
FNDA:4,ingredientScale
FNDA:2,nutritionScale
FNDA:6,scaleIngredient
FNDA:2,scaleIngredients
FNDA:6,(anonymous_8)
FNDA:5,formatGrams
FNDA:1,scaleNutrition
FNDA:2,scaleHeadline
FNDA:1,scaleBreakdown
FNDA:2,(anonymous_13)
FNDA:1,orderBreakdown
FNDA:9,(anonymous_15)
FNDA:2,deriveBreakdown
FNDA:8,(anonymous_17)
FNDA:3,breakdownForDisplay
FNDA:5,barFillRatio
FNDA:3,formatPercent
FNDA:3,isOverRemaining
FNDA:3,formatNutrientAmount
FNDA:3,hasRatings
FNDA:2,formatAverage
FNDA:2,distributionRows
FNDA:10,(anonymous_26)
FNDA:6,formatDuration
FNDA:2,filterClinicalTags
FNDA:14,(anonymous_29)
FNDA:175,(anonymous_30)
FNDA:16,resolveProvenance
FNDA:25,(anonymous_32)
DA:27,1
DA:38,1
DA:39,1
DA:42,1
DA:49,1
DA:52,9
DA:53,9
DA:54,3
DA:55,3
DA:58,1
DA:59,10
DA:60,9
DA:67,1
DA:71,4
DA:72,2
DA:76,1
DA:80,4
DA:81,3
DA:85,1
DA:86,2
DA:103,1
DA:107,6
DA:108,6
DA:110,6
DA:113,6
DA:116,1
DA:120,6
DA:124,1
DA:125,5
DA:126,5
DA:130,1
DA:134,1
DA:148,1
DA:152,2
DA:162,1
DA:166,2
DA:170,1
DA:174,1
DA:175,1
DA:176,1
DA:177,9
DA:178,4
DA:179,3
DA:180,3
DA:183,1
DA:190,1
DA:193,2
DA:199,8
DA:213,1
DA:217,3
DA:218,2
DA:219,1
DA:223,1
DA:224,5
DA:225,4
DA:226,3
DA:230,1
DA:231,3
DA:235,1
DA:236,3
DA:240,1
DA:241,3
DA:242,2
DA:243,2
DA:250,1
DA:251,3
DA:254,1
DA:255,2
DA:266,1
DA:267,2
DA:268,2
DA:269,2
DA:270,10
DA:271,10
DA:276,1
DA:277,6
DA:278,6
DA:279,6
DA:280,6
DA:288,1
DA:315,1
DA:316,2
DA:317,14
DA:321,175
DA:326,1
DA:329,16
DA:330,25
LF:87
LH:87
BRDA:52,0,0,1
BRDA:52,0,1,8
BRDA:53,1,0,6
BRDA:53,2,0,9
BRDA:53,2,1,8
BRDA:55,3,0,2
BRDA:55,3,1,1
BRDA:59,4,0,1
BRDA:71,5,0,2
BRDA:71,6,0,4
BRDA:71,6,1,3
BRDA:80,7,0,1
BRDA:80,8,0,4
BRDA:80,8,1,3
BRDA:108,9,0,4
BRDA:108,9,1,2
BRDA:110,10,0,4
BRDA:110,10,1,2
BRDA:110,11,0,6
BRDA:110,11,1,4
BRDA:126,12,0,4
BRDA:126,12,1,1
BRDA:156,13,0,1
BRDA:156,13,1,1
BRDA:178,14,0,3
BRDA:178,15,0,4
BRDA:178,15,1,3
BRDA:217,16,0,1
BRDA:218,17,0,1
BRDA:224,18,0,1
BRDA:225,19,0,1
BRDA:236,20,0,3
BRDA:236,20,1,2
BRDA:241,21,0,1
BRDA:243,22,0,1
BRDA:243,22,1,1
BRDA:251,23,0,3
BRDA:251,23,1,2
BRDA:270,24,0,10
BRDA:270,24,1,0
BRDA:271,25,0,5
BRDA:271,25,1,5
BRDA:329,26,0,6
BRDA:330,27,0,10
BRDA:330,27,1,3
BRF:45
BRH:44
end_of_record
TN:
SF:src/features/recipe/services/recipeDetailV2Service.ts
FN:58,asRecord
FN:62,num
FN:66,nullableNum
FN:70,str
FN:74,nullableStr
FN:78,bool
FN:82,strList
FN:83,(anonymous_7)
FN:87,mapNutrition
FN:102,mapBudget
FN:114,mapBreakdown
FN:135,ordinalOr
FN:141,mapIngredients
FN:143,(anonymous_13)
FN:155,mapSteps
FN:157,(anonymous_15)
FN:170,mapRating
FN:175,(anonymous_17)
FN:187,mapMyReview
FN:200,mapLocale
FN:204,mapRecipeDetail
FN:244,mapReviewList
FN:248,(anonymous_22)
FN:276,(anonymous_23)
FN:288,(anonymous_24)
FN:299,(anonymous_25)
FN:304,(anonymous_26)
FN:321,(anonymous_27)
FN:340,(anonymous_28)
FN:360,mockState
FN:366,(anonymous_30)
FN:374,resetRecipeV2Mock
FN:378,delay
FN:380,(anonymous_33)
FN:381,(anonymous_34)
FN:421,mockDetailPayload
FN:536,mockSummary
FN:552,mockGetDetail
FN:562,mockSetSaved
FN:576,mockGetReviews
FN:581,(anonymous_40)
FN:599,mockUpsertReview
FN:605,(anonymous_42)
FN:628,mockDeleteReview
FN:632,(anonymous_44)
FNF:45
FNH:43
FNDA:119,asRecord
FNDA:175,num
FNDA:62,nullableNum
FNDA:71,str
FNDA:47,nullableStr
FNDA:43,bool
FNDA:13,strList
FNDA:9,(anonymous_7)
FNDA:11,mapNutrition
FNDA:8,mapBudget
FNDA:8,mapBreakdown
FNDA:21,ordinalOr
FNDA:8,mapIngredients
FNDA:12,(anonymous_13)
FNDA:8,mapSteps
FNDA:9,(anonymous_15)
FNDA:16,mapRating
FNDA:80,(anonymous_17)
FNDA:10,mapMyReview
FNDA:16,mapLocale
FNDA:8,mapRecipeDetail
FNDA:3,mapReviewList
FNDA:2,(anonymous_22)
FNDA:6,(anonymous_23)
FNDA:5,(anonymous_24)
FNDA:1,(anonymous_25)
FNDA:5,(anonymous_26)
FNDA:4,(anonymous_27)
FNDA:3,(anonymous_28)
FNDA:11,mockState
FNDA:20,(anonymous_30)
FNDA:5,resetRecipeV2Mock
FNDA:11,delay
FNDA:0,(anonymous_33)
FNDA:0,(anonymous_34)
FNDA:2,mockDetailPayload
FNDA:8,mockSummary
FNDA:2,mockGetDetail
FNDA:3,mockSetSaved
FNDA:2,mockGetReviews
FNDA:6,(anonymous_40)
FNDA:2,mockUpsertReview
FNDA:5,(anonymous_42)
FNDA:2,mockDeleteReview
FNDA:9,(anonymous_44)
DA:18,1
DA:19,1
DA:20,1
DA:46,1
DA:59,119
DA:63,175
DA:67,62
DA:71,71
DA:75,47
DA:79,43
DA:83,13
DA:87,1
DA:88,11
DA:89,11
DA:90,11
DA:91,5
DA:103,8
DA:104,8
DA:112,1
DA:115,8
DA:116,2
DA:117,2
DA:118,8
DA:119,8
DA:120,8
DA:121,8
DA:128,2
DA:136,21
DA:142,8
DA:143,3
DA:144,12
DA:145,12
DA:156,8
DA:157,3
DA:158,9
DA:159,9
DA:168,1
DA:170,1
DA:171,16
DA:172,16
DA:175,16
DA:176,80
DA:178,16
DA:179,16
DA:188,10
DA:189,1
DA:190,1
DA:191,1
DA:192,1
DA:201,16
DA:204,1
DA:208,8
DA:209,8
DA:210,8
DA:245,3
DA:246,3
DA:247,3
DA:249,2
DA:250,2
DA:275,1
DA:280,6
DA:281,4
DA:284,4
DA:292,5
DA:293,2
DA:294,2
DA:295,2
DA:300,1
DA:301,1
DA:308,5
DA:309,3
DA:313,3
DA:314,3
DA:317,3
DA:325,4
DA:326,2
DA:327,2
DA:328,2
DA:329,2
DA:341,3
DA:342,1
DA:343,1
DA:358,1
DA:361,11
DA:362,11
DA:363,5
DA:366,20
DA:369,5
DA:370,5
DA:374,1
DA:375,5
DA:379,11
DA:380,0
DA:381,0
DA:385,1
DA:422,2
DA:423,2
DA:424,2
DA:537,8
DA:538,8
DA:539,8
DA:540,34
DA:541,34
DA:542,34
DA:544,8
DA:545,8
DA:556,2
DA:566,3
DA:567,3
DA:568,2
DA:569,2
DA:571,3
DA:574,1
DA:580,2
DA:581,2
DA:582,6
DA:586,2
DA:587,2
DA:588,2
DA:589,2
DA:590,2
DA:591,2
DA:603,2
DA:604,2
DA:605,5
DA:606,2
DA:607,1
DA:608,1
DA:610,1
DA:619,2
DA:625,2
DA:631,2
DA:632,9
DA:633,2
DA:634,2
LF:135
LH:133
BRDA:59,0,0,87
BRDA:59,0,1,32
BRDA:59,1,0,119
BRDA:59,1,1,87
BRDA:62,2,0,175
BRDA:63,3,0,87
BRDA:63,3,1,88
BRDA:63,4,0,175
BRDA:63,4,1,87
BRDA:67,5,0,32
BRDA:67,5,1,30
BRDA:67,6,0,62
BRDA:67,6,1,32
BRDA:70,7,0,71
BRDA:71,8,0,56
BRDA:71,8,1,15
BRDA:75,9,0,9
BRDA:75,9,1,38
BRDA:75,10,0,47
BRDA:75,10,1,9
BRDA:83,11,0,5
BRDA:83,11,1,8
BRDA:90,12,0,6
BRDA:115,13,0,6
BRDA:120,14,0,0
BRDA:124,15,0,2
BRDA:124,15,1,6
BRDA:136,16,0,18
BRDA:136,16,1,3
BRDA:136,17,0,21
BRDA:136,17,1,21
BRDA:136,17,2,21
BRDA:142,18,0,5
BRDA:156,19,0,5
BRDA:172,20,0,10
BRDA:172,20,1,6
BRDA:181,21,0,8
BRDA:181,21,1,8
BRDA:188,22,0,9
BRDA:191,23,0,0
BRDA:201,24,0,2
BRDA:201,24,1,14
BRDA:201,25,0,4
BRDA:201,25,1,10
BRDA:246,26,0,3
BRDA:246,26,1,0
BRDA:280,27,0,2
BRDA:292,28,0,3
BRDA:300,29,0,0
BRDA:306,30,0,2
BRDA:308,31,0,2
BRDA:310,32,0,3
BRDA:310,32,1,2
BRDA:311,33,0,3
BRDA:311,33,1,2
BRDA:313,34,0,1
BRDA:325,35,0,2
BRDA:330,36,0,2
BRDA:330,36,1,1
BRDA:332,37,0,1
BRDA:332,37,1,1
BRDA:341,38,0,2
BRDA:362,39,0,6
BRDA:379,40,0,11
BRDA:546,41,0,8
BRDA:546,41,1,0
BRDA:567,42,0,2
BRDA:569,43,0,1
BRDA:569,43,1,1
BRDA:582,44,0,0
BRDA:582,44,1,6
BRDA:583,45,0,0
BRDA:583,45,1,0
BRDA:584,46,0,6
BRDA:584,46,1,0
BRDA:586,47,0,2
BRDA:586,47,1,0
BRDA:587,48,0,1
BRDA:587,48,1,1
BRDA:588,49,0,2
BRDA:588,49,1,0
BRDA:593,50,0,1
BRDA:593,50,1,1
BRDA:606,51,0,1
BRDA:606,51,1,1
BRDA:608,52,0,1
BRDA:608,52,1,1
BRDA:614,53,0,1
BRDA:614,53,1,0
BRDA:621,54,0,2
BRDA:621,54,1,1
BRDA:622,55,0,2
BRDA:622,55,1,1
BRF:93
BRH:81
end_of_record
